------------------------------------------------------------------------
r591 | dazarewicz | 2017-03-08 16:59:01 +0000 (Wed, 08 Mar 2017) | 2 lines

Remove dead code. Build system updates.

------------------------------------------------------------------------
r587 | dazarewicz | 2016-06-09 13:38:13 +0000 (Thu, 09 Jun 2016) | 4 lines

Rearrange directory structure
rework makefiles
cleanup files

------------------------------------------------------------------------
r577 | dazarewicz | 2013-09-18 11:42:17 +0000 (Wed, 18 Sep 2013) | 2 lines

fix build scripts

------------------------------------------------------------------------
r551 | dazarewicz | 2011-04-20 10:40:41 +0000 (Wed, 20 Apr 2011) | 2 lines

changed init to fail if RM failure

------------------------------------------------------------------------
r549 | dazarewicz | 2011-04-13 10:59:35 +0000 (Wed, 13 Apr 2011) | 2 lines

Fixes for changin interrupts in APIC mode

------------------------------------------------------------------------
r547 | dazarewicz | 2011-03-16 14:31:12 +0000 (Wed, 16 Mar 2011) | 2 lines

APIC interrupt transition fixes

------------------------------------------------------------------------
r545 | dazarewicz | 2011-03-03 12:43:04 +0000 (Thu, 03 Mar 2011) | 2 lines

Interrupt fixes

------------------------------------------------------------------------
r542 | dazarewicz | 2010-09-22 11:52:19 +0000 (Wed, 22 Sep 2010) | 2 lines

changes to debug statements for api debugging

------------------------------------------------------------------------
r537 | stevenhl | 2010-09-11 00:47:56 +0000 (Sat, 11 Sep 2010) | 2 lines

Delete cruft

------------------------------------------------------------------------
r535 | dazarewicz | 2010-08-07 20:35:47 +0000 (Sat, 07 Aug 2010) | 2 lines

version string changes

------------------------------------------------------------------------
r530 | dazarewicz | 2010-07-27 09:32:21 +0000 (Tue, 27 Jul 2010) | 2 lines

pci bus scan changes, xrun recovery

------------------------------------------------------------------------
r528 | dazarewicz | 2010-07-25 10:16:22 +0000 (Sun, 25 Jul 2010) | 2 lines

debug statement changes, add quirk for eMachines STAC mixer

------------------------------------------------------------------------
r522 | dazarewicz | 2010-07-22 10:20:45 +0000 (Thu, 22 Jul 2010) | 2 lines

flush_workqueue hack, compiler warnings

------------------------------------------------------------------------
r521 | dazarewicz | 2010-07-21 10:13:21 +0000 (Wed, 21 Jul 2010) | 2 lines

Debug statement cleanup

------------------------------------------------------------------------
r520 | dazarewicz | 2010-07-21 08:13:17 +0000 (Wed, 21 Jul 2010) | 2 lines

pci dereg fix

------------------------------------------------------------------------
r518 | dazarewicz | 2010-07-20 08:46:55 +0000 (Tue, 20 Jul 2010) | 2 lines

Some of my updates from the 2.1.x branch

------------------------------------------------------------------------
r505 | dazarewicz | 2010-07-10 23:05:36 +0000 (Sat, 10 Jul 2010) | 2 lines

more debug updates

------------------------------------------------------------------------
r502 | dazarewicz | 2010-07-10 22:06:19 +0000 (Sat, 10 Jul 2010) | 2 lines

malloc changes

------------------------------------------------------------------------
r501 | dazarewicz | 2010-07-10 22:01:51 +0000 (Sat, 10 Jul 2010) | 2 lines

debug statement changes

------------------------------------------------------------------------
r493 | dazarewicz | 2010-07-03 10:26:36 +0000 (Sat, 03 Jul 2010) | 2 lines

Added status idc function

------------------------------------------------------------------------
r492 | psmedley | 2010-06-24 18:07:52 +0000 (Thu, 24 Jun 2010) | 1 line

Bump Copyright labels to 2010
------------------------------------------------------------------------
r491 | dazarewicz | 2010-06-21 16:31:09 +0000 (Mon, 21 Jun 2010) | 2 lines

missing symbol fix, sorted output, etc

------------------------------------------------------------------------
r489 | dazarewicz | 2010-06-21 09:14:55 +0000 (Mon, 21 Jun 2010) | 2 lines

added missing quirk for 8086:0104

------------------------------------------------------------------------
r488 | dazarewicz | 2010-06-21 09:12:57 +0000 (Mon, 21 Jun 2010) | 2 lines

sound fragment fix

------------------------------------------------------------------------
r487 | psmedley | 2010-05-29 02:38:01 +0000 (Sat, 29 May 2010) | 1 line

Add stub gcd.h
------------------------------------------------------------------------
r485 | dazarewicz | 2010-05-23 13:17:06 +0000 (Sun, 23 May 2010) | 2 lines

Added quirk for Gateway 2000 ICH2/AD1885

------------------------------------------------------------------------
r484 | dazarewicz | 2010-05-07 21:36:24 +0000 (Fri, 07 May 2010) | 2 lines

Fix for recording hang

------------------------------------------------------------------------
r479 | dazarewicz | 2010-05-01 12:49:10 +0000 (Sat, 01 May 2010) | 2 lines

Cleanup compiler warnings

------------------------------------------------------------------------
r477 | psmedley | 2009-12-26 22:21:39 +0000 (Sat, 26 Dec 2009) | 1 line

add linux/pid.h for ALSA 1.0.22
------------------------------------------------------------------------
r476 | psmedley | 2009-12-26 21:59:11 +0000 (Sat, 26 Dec 2009) | 1 line

New header for ALSA 1.0.22
------------------------------------------------------------------------
r475 | psmedley | 2009-11-21 15:25:59 +0000 (Sat, 21 Nov 2009) | 1 line

Buffer fix from Pasha to reserv more space for playback
------------------------------------------------------------------------
r472 | psmedley | 2009-11-08 01:22:50 +0000 (Sun, 08 Nov 2009) | 1 line

Update header to reflect ALSA 1.0.21
------------------------------------------------------------------------
r470 | vladest | 2009-11-06 15:24:20 +0000 (Fri, 06 Nov 2009) | 3 lines

Fixed Uniaud API support. Please, take in account this diffs when making updates from ALSA tree for following files: pcm.c and pcm_lib.c


------------------------------------------------------------------------
r465 | psmedley | 2009-10-08 01:36:18 +0000 (Thu, 08 Oct 2009) | 1 line

Update uniaud.inc for 1.9.21 - based on ALSA 1.0.21
------------------------------------------------------------------------
r464 | psmedley | 2009-10-08 01:35:00 +0000 (Thu, 08 Oct 2009) | 1 line

Update ALSA kernel to 1.0.21 level
------------------------------------------------------------------------
r463 | psmedley | 2009-10-08 01:30:20 +0000 (Thu, 08 Oct 2009) | 1 line

Update headers for ALSA 1.0.21
------------------------------------------------------------------------
r462 | psmedley | 2009-10-06 04:48:28 +0000 (Tue, 06 Oct 2009) | 1 line

Add stub linux/math64.h header for ALSA 1.0.21
------------------------------------------------------------------------
r461 | psmedley | 2009-08-24 02:55:45 +0000 (Mon, 24 Aug 2009) | 1 line

Bump uniaud.inc
------------------------------------------------------------------------
r460 | psmedley | 2009-08-24 02:55:07 +0000 (Mon, 24 Aug 2009) | 1 line

Trying to support >1 sound cards seemed to break things, revert change in sound.c
------------------------------------------------------------------------
r459 | psmedley | 2009-08-24 02:54:27 +0000 (Mon, 24 Aug 2009) | 1 line

Only support sample rates >= 44100 for HDA cards
------------------------------------------------------------------------
r458 | psmedley | 2009-08-06 02:49:04 +0000 (Thu, 06 Aug 2009) | 1 line

Revert ACPI fixes from changeset 453 due to reported hangs
------------------------------------------------------------------------
r457 | psmedley | 2009-08-06 02:39:21 +0000 (Thu, 06 Aug 2009) | 1 line

Fixes to correctly initialise SPEAKER mixer control (missed 1 file)
------------------------------------------------------------------------
r456 | psmedley | 2009-08-06 02:30:14 +0000 (Thu, 06 Aug 2009) | 1 line

Fixes to correctly initialise SPEAKER mixer control
------------------------------------------------------------------------
r455 | psmedley | 2009-06-28 02:56:27 +0000 (Sun, 28 Jun 2009) | 1 line

Add support for CS553x audio cards (untested)
------------------------------------------------------------------------
r454 | psmedley | 2009-06-25 02:35:53 +0000 (Thu, 25 Jun 2009) | 1 line

Change pci_save_state from type void to type int
------------------------------------------------------------------------
r453 | psmedley | 2009-06-23 02:48:55 +0000 (Tue, 23 Jun 2009) | 1 line

Fixes for suspend/resume in APIC mode from Pasha
------------------------------------------------------------------------
r452 | psmedley | 2009-06-21 14:09:59 +0000 (Sun, 21 Jun 2009) | 1 line

Mods to allow detection of more than one audio adapter in uniaud32
------------------------------------------------------------------------
r451 | psmedley | 2009-06-17 23:19:55 +0000 (Wed, 17 Jun 2009) | 1 line

Update SPEAKER mixer control to PCSPEAKER
------------------------------------------------------------------------
r449 | psmedley | 2009-06-17 02:33:28 +0000 (Wed, 17 Jun 2009) | 1 line

Add support for Headphone mixer control
------------------------------------------------------------------------
r448 | psmedley | 2009-06-09 02:12:58 +0000 (Tue, 09 Jun 2009) | 1 line

Update uniaud.inc for 1.9.16
------------------------------------------------------------------------
r447 | psmedley | 2009-06-08 14:05:11 +0000 (Mon, 08 Jun 2009) | 1 line

Add definition for DEFINE_SPINLOCK - remove OS/2 related hacks around this function
------------------------------------------------------------------------
r446 | psmedley | 2009-06-08 14:00:24 +0000 (Mon, 08 Jun 2009) | 1 line

Add definitions for iminor() and imajor() - remove OS/2 specific hacks for these functions
------------------------------------------------------------------------
r445 | psmedley | 2009-06-08 02:51:32 +0000 (Mon, 08 Jun 2009) | 1 line

More code tidyups, remove some unnecessary #ifndef TARGET_OS2 by adding some more stub functions
------------------------------------------------------------------------
r444 | psmedley | 2009-06-07 21:29:07 +0000 (Sun, 07 Jun 2009) | 1 line

Update workqueue.h
------------------------------------------------------------------------
r443 | psmedley | 2009-06-07 21:28:12 +0000 (Sun, 07 Jun 2009) | 1 line

Remove files from the repository - functions now in lib32/*
------------------------------------------------------------------------
r442 | psmedley | 2009-06-06 02:07:11 +0000 (Sat, 06 Jun 2009) | 1 line

Reorganise code to make maintenance easier
------------------------------------------------------------------------
r441 | psmedley | 2009-06-05 19:22:27 +0000 (Fri, 05 Jun 2009) | 1 line

Move functions out of config.h into appropriate linux header
------------------------------------------------------------------------
r440 | psmedley | 2009-06-05 18:52:05 +0000 (Fri, 05 Jun 2009) | 1 line

Add gfp.h to the repository
------------------------------------------------------------------------
r439 | psmedley | 2009-06-05 18:20:52 +0000 (Fri, 05 Jun 2009) | 1 line

Add lockdep.h to the repository
------------------------------------------------------------------------
r438 | psmedley | 2009-06-05 14:24:02 +0000 (Fri, 05 Jun 2009) | 1 line

Move definitions from config.h to interrupt.h
------------------------------------------------------------------------
r437 | psmedley | 2009-06-05 14:18:51 +0000 (Fri, 05 Jun 2009) | 1 line

Fix typos
------------------------------------------------------------------------
r436 | psmedley | 2009-05-31 02:19:27 +0000 (Sun, 31 May 2009) | 1 line

Update version to 1.9.15
------------------------------------------------------------------------
r435 | psmedley | 2009-05-31 02:18:50 +0000 (Sun, 31 May 2009) | 1 line

Revert changes to devhlp.asm
------------------------------------------------------------------------
r434 | psmedley | 2009-05-30 21:14:56 +0000 (Sat, 30 May 2009) | 1 line

Re-implement hack in hda_intel.c to stop looping in azx_update_rirb() when jiffies stops updating + tidy ups
------------------------------------------------------------------------
r433 | psmedley | 2009-05-18 02:36:04 +0000 (Mon, 18 May 2009) | 1 line

Apply makefile fixes for 'wmake clean' from changeset 359-361 to 1.9.x code
------------------------------------------------------------------------
r432 | psmedley | 2009-05-17 02:29:05 +0000 (Sun, 17 May 2009) | 1 line

Update uniaud.inc for 1.9.14
------------------------------------------------------------------------
r431 | psmedley | 2009-05-17 02:24:02 +0000 (Sun, 17 May 2009) | 1 line

Enable HDA_HWDEP
------------------------------------------------------------------------
r430 | psmedley | 2009-05-17 02:21:01 +0000 (Sun, 17 May 2009) | 1 line

Run HDA init modules from  OSS32_Initialize - fixes lack of mixer controls since ALSA 1.0.19 HDA update
------------------------------------------------------------------------
r429 | stevenhl | 2009-05-10 10:36:49 +0000 (Sun, 10 May 2009) | 2 lines

Avoid KEE build compile error

------------------------------------------------------------------------
r428 | psmedley | 2009-05-10 02:54:24 +0000 (Sun, 10 May 2009) | 1 line

Use adriver.h version of pci_set_dma_mask - fixes compiler warnings
------------------------------------------------------------------------
r427 | psmedley | 2009-05-10 02:52:40 +0000 (Sun, 10 May 2009) | 1 line

Remove 'volatile' from variable definition - fixes warnings
------------------------------------------------------------------------
r426 | psmedley | 2009-05-09 02:45:26 +0000 (Sat, 09 May 2009) | 1 line

Update alsa-kernel to ALSA 1.0.20 level
------------------------------------------------------------------------
r425 | psmedley | 2009-04-26 16:45:55 +0000 (Sun, 26 Apr 2009) | 1 line

Update copyright notice for 2009
------------------------------------------------------------------------
r424 | gentux2 | 2009-04-11 07:55:17 +0000 (Sat, 11 Apr 2009) | 2 lines

Paul's branch is now trunk

------------------------------------------------------------------------
r422 | psmedley | 2009-03-23 01:19:22 +0000 (Mon, 23 Mar 2009) | 1 line

Update uniaud.inc for 1.9.12 release
------------------------------------------------------------------------
r421 | psmedley | 2009-03-23 01:13:00 +0000 (Mon, 23 Mar 2009) | 1 line

Updates from Pasha to improve IRQ handling and resolve long delays at startup in APIC mode when using ACPI
------------------------------------------------------------------------
r420 | psmedley | 2009-03-22 22:13:05 +0000 (Sun, 22 Mar 2009) | 1 line

Disable output to comport if com = 0 (default) fix build probs
------------------------------------------------------------------------
r419 | psmedley | 2009-03-22 19:06:04 +0000 (Sun, 22 Mar 2009) | 1 line

Disable output to comport if com = 0 (default)
------------------------------------------------------------------------
r417 | psmedley | 2009-03-22 16:06:21 +0000 (Sun, 22 Mar 2009) | 1 line

Revert alsa-kernel/hda/* to 1.0.18a level to fix traps
------------------------------------------------------------------------
r416 | psmedley | 2009-03-22 16:05:32 +0000 (Sun, 22 Mar 2009) | 1 line

Update header
------------------------------------------------------------------------
r412 | psmedley | 2009-01-25 19:40:31 +0000 (Sun, 25 Jan 2009) | 1 line

Fix a few compiler warnings
------------------------------------------------------------------------
r411 | psmedley | 2009-01-25 19:06:35 +0000 (Sun, 25 Jan 2009) | 1 line

Implement hack to allow sound from HDA chips
------------------------------------------------------------------------
r410 | psmedley | 2009-01-25 15:51:57 +0000 (Sun, 25 Jan 2009) | 1 line

Update ALSA core to 1.0.19 level
------------------------------------------------------------------------
r402 | psmedley | 2008-11-22 13:25:45 +0000 (Sat, 22 Nov 2008) | 1 line

Update ALSA code level to 1.0.18a
------------------------------------------------------------------------
r401 | psmedley | 2008-11-08 23:03:10 +0000 (Sat, 08 Nov 2008) | 1 line

Add missing files for ALSA 1.0.18
------------------------------------------------------------------------
r400 | psmedley | 2008-10-30 14:02:07 +0000 (Thu, 30 Oct 2008) | 1 line

Update SVN revision number in uniaud.inc for 1.9.10 release
------------------------------------------------------------------------
r399 | psmedley | 2008-10-30 01:57:08 +0000 (Thu, 30 Oct 2008) | 1 line

Update source to ALSA 1.0.18
------------------------------------------------------------------------
r398 | psmedley | 2008-10-24 02:14:31 +0000 (Fri, 24 Oct 2008) | 1 line

Clean up some headers that did not get correctly updated to 1.0.17 level
------------------------------------------------------------------------
r387 | rjerant | 2008-10-06 13:27:42 +0000 (Mon, 06 Oct 2008) | 1 line

Update Fixpack
------------------------------------------------------------------------
r386 | rjerant | 2008-10-06 13:00:13 +0000 (Mon, 06 Oct 2008) | 1 line

Add OSS32_WaveGetHwPtr() to sound.c
------------------------------------------------------------------------
r385 | psmedley | 2008-09-30 16:00:32 +0000 (Tue, 30 Sep 2008) | 1 line

Update uniaud.inc for 1.9.8 release
------------------------------------------------------------------------
r382 | psmedley | 2008-09-27 02:10:33 +0000 (Sat, 27 Sep 2008) | 1 line

Reinstate support for emu10k1 cards
------------------------------------------------------------------------
r381 | psmedley | 2008-09-27 02:09:10 +0000 (Sat, 27 Sep 2008) | 1 line

Add missing functions to load firmware + cleanups
------------------------------------------------------------------------
r378 | rjerant | 2008-09-26 15:12:00 +0000 (Fri, 26 Sep 2008) | 1 line

change build numbers
------------------------------------------------------------------------
r377 | rjerant | 2008-09-26 13:47:57 +0000 (Fri, 26 Sep 2008) | 1 line

Remove Temp Hack and fix interrupt period not getting setup correctly
------------------------------------------------------------------------
r376 | rjerant | 2008-09-26 13:09:48 +0000 (Fri, 26 Sep 2008) | 1 line

Prevent interrupt handler form calling uniaud16 driver when not necessary
------------------------------------------------------------------------
r375 | rjerant | 2008-09-26 12:16:38 +0000 (Fri, 26 Sep 2008) | 1 line

Change interrupt handler to run with interrupts enabled
------------------------------------------------------------------------
r372 | psmedley | 2008-09-13 18:02:06 +0000 (Sat, 13 Sep 2008) | 1 line

Fix typo
------------------------------------------------------------------------
r371 | psmedley | 2008-09-13 17:59:04 +0000 (Sat, 13 Sep 2008) | 1 line

Implement hack to prevent HDA lockups whilst we investigate a permanent solution
------------------------------------------------------------------------
r364 | psmedley | 2008-07-25 22:12:28 +0000 (Fri, 25 Jul 2008) | 1 line

Remove obsolete file
------------------------------------------------------------------------
r363 | psmedley | 2008-07-25 18:06:39 +0000 (Fri, 25 Jul 2008) | 1 line

Add missing file
------------------------------------------------------------------------
r362 | psmedley | 2008-07-22 03:05:34 +0000 (Tue, 22 Jul 2008) | 1 line

Remove obsolete file
------------------------------------------------------------------------
r358 | psmedley | 2008-07-16 02:53:49 +0000 (Wed, 16 Jul 2008) | 1 line

Update uniaud32-2.0 branch to ALSA 1.0.17
------------------------------------------------------------------------
r357 | psmedley | 2008-05-17 00:51:04 +0000 (Sat, 17 May 2008) | 1 line

Update uniaud.inc to match current SVN revision level
------------------------------------------------------------------------
r356 | psmedley | 2008-05-17 00:49:53 +0000 (Sat, 17 May 2008) | 1 line

test fix to see if reverting OSS32_SetHwParams to original Innotek version fixes HDA for all users
------------------------------------------------------------------------
r353 | psmedley | 2008-04-28 00:38:30 +0000 (Mon, 28 Apr 2008) | 1 line

Revert changes to sound.c
------------------------------------------------------------------------
r352 | psmedley | 2008-04-21 02:54:49 +0000 (Mon, 21 Apr 2008) | 1 line

IRQ patch from Pavel
------------------------------------------------------------------------
r351 | psmedley | 2008-04-21 02:41:48 +0000 (Mon, 21 Apr 2008) | 1 line

Add fixes for Via 823x chipsets
------------------------------------------------------------------------
r344 | psmedley | 2008-04-09 00:53:10 +0000 (Wed, 09 Apr 2008) | 1 line

Make device/mixer name available in OSS32_WaveSetHwParams to allow device specific hacks
------------------------------------------------------------------------
r340 | psmedley | 2008-04-05 01:23:07 +0000 (Sat, 05 Apr 2008) | 1 line

Set SVN revision in uniaud.inc for 1.9.3 release
------------------------------------------------------------------------
r339 | psmedley | 2008-04-05 01:09:19 +0000 (Sat, 05 Apr 2008) | 1 line

Cleanups + more elegant fix for HW Param setting problem for HDA that was in changeset 332
------------------------------------------------------------------------
r338 | psmedley | 2008-04-03 03:07:57 +0000 (Thu, 03 Apr 2008) | 1 line

Remove auto-generated file from repos
------------------------------------------------------------------------
r337 | psmedley | 2008-04-03 01:51:28 +0000 (Thu, 03 Apr 2008) | 1 line

Print version number to debug log, bump version to 1.9.3
------------------------------------------------------------------------
r335 | psmedley | 2008-04-02 01:06:54 +0000 (Wed, 02 Apr 2008) | 1 line

Remove all unnecessary OSS code to reduce size of uniaud32.sys
------------------------------------------------------------------------
r334 | psmedley | 2008-04-01 02:59:24 +0000 (Tue, 01 Apr 2008) | 1 line

Bump version to 1.9.2
------------------------------------------------------------------------
r333 | psmedley | 2008-04-01 01:54:17 +0000 (Tue, 01 Apr 2008) | 1 line

Add ACPI support, make OSS compatability stuff build
------------------------------------------------------------------------
r332 | psmedley | 2008-03-31 02:08:24 +0000 (Mon, 31 Mar 2008) | 1 line

Fix sample rate setting
------------------------------------------------------------------------
r331 | psmedley | 2008-03-31 01:58:32 +0000 (Mon, 31 Mar 2008) | 1 line

Add patch from ALSA source that was missed - seems to help shared IRQs
------------------------------------------------------------------------
r326 | psmedley | 2008-03-24 21:48:37 +0000 (Mon, 24 Mar 2008) | 1 line

Remove obsolete file
------------------------------------------------------------------------
r325 | psmedley | 2008-03-24 21:06:26 +0000 (Mon, 24 Mar 2008) | 1 line

Revert to ALSA code now that pci_set_dma() isn't type void
------------------------------------------------------------------------
r324 | psmedley | 2008-03-24 20:46:42 +0000 (Mon, 24 Mar 2008) | 1 line

Tidy ups + bump version number
------------------------------------------------------------------------
r323 | psmedley | 2008-03-24 19:05:58 +0000 (Mon, 24 Mar 2008) | 1 line

Rename uniaud-2.0 branch to uniaud32-2.0
------------------------------------------------------------------------
r322 | psmedley | 2008-03-24 18:28:21 +0000 (Mon, 24 Mar 2008) | 1 line

Do not append a - to BUILDVERSION if FIXPACK is blank
------------------------------------------------------------------------
r321 | psmedley | 2008-03-24 18:23:44 +0000 (Mon, 24 Mar 2008) | 1 line

HDA fixes
------------------------------------------------------------------------
r320 | psmedley | 2008-03-24 17:46:01 +0000 (Mon, 24 Mar 2008) | 1 line

Fix for no sound on some HDA machines
------------------------------------------------------------------------
r319 | psmedley | 2008-03-24 16:48:35 +0000 (Mon, 24 Mar 2008) | 1 line

Cleanups + reinstante bt87x support
------------------------------------------------------------------------
r318 | psmedley | 2008-03-24 15:48:38 +0000 (Mon, 24 Mar 2008) | 1 line

Fix more compiler warnings (Again) + fix Copyright years
------------------------------------------------------------------------
r317 | psmedley | 2008-03-24 15:36:19 +0000 (Mon, 24 Mar 2008) | 1 line

Fix more compiler warnings (Again)
------------------------------------------------------------------------
r316 | psmedley | 2008-03-24 14:44:49 +0000 (Mon, 24 Mar 2008) | 1 line

Fix more compiler warnings (Again)
------------------------------------------------------------------------
r315 | psmedley | 2008-03-24 01:54:25 +0000 (Mon, 24 Mar 2008) | 1 line

Fix more compiler warnings
------------------------------------------------------------------------
r314 | psmedley | 2008-03-24 01:35:14 +0000 (Mon, 24 Mar 2008) | 1 line

Fix warnings related to request_irq()
------------------------------------------------------------------------
r313 | psmedley | 2008-03-24 01:05:58 +0000 (Mon, 24 Mar 2008) | 1 line

adjust location of makefile.inc in configure.cmd and all makefile.os2 files
------------------------------------------------------------------------
r312 | psmedley | 2008-03-23 20:56:48 +0000 (Sun, 23 Mar 2008) | 1 line

Reinstate ALS4000 device
------------------------------------------------------------------------
r311 | psmedley | 2008-03-23 20:51:58 +0000 (Sun, 23 Mar 2008) | 1 line

Add definition of pci_dev_present
------------------------------------------------------------------------
r310 | psmedley | 2008-03-23 20:45:54 +0000 (Sun, 23 Mar 2008) | 1 line

Reinstate building of cmipci for C-Media audio cards
------------------------------------------------------------------------
r309 | psmedley | 2008-03-23 20:39:33 +0000 (Sun, 23 Mar 2008) | 1 line

Fix type on pci_set_mda_mask in pci.h
------------------------------------------------------------------------
r308 | psmedley | 2008-03-23 20:34:18 +0000 (Sun, 23 Mar 2008) | 1 line

Set version to 1.9.0
------------------------------------------------------------------------
r307 | psmedley | 2008-03-23 20:30:28 +0000 (Sun, 23 Mar 2008) | 1 line

Fix for detection of sample rate from Yoda
------------------------------------------------------------------------
r306 | psmedley | 2008-03-23 18:49:33 +0000 (Sun, 23 Mar 2008) | 1 line

Reinstate Brendan's pci_set_dma_mask fix in uniaud-2.0 branch
------------------------------------------------------------------------
r305 | psmedley | 2008-03-23 18:43:42 +0000 (Sun, 23 Mar 2008) | 1 line

Update source to ALSA 1.0.16 level
------------------------------------------------------------------------
r304 | psmedley | 2008-03-23 18:17:06 +0000 (Sun, 23 Mar 2008) | 1 line

Prepare branch for Uniaud 2.0
------------------------------------------------------------------------
r298 | gentux2 | 2008-02-20 22:56:18 +0000 (Wed, 20 Feb 2008) | 1 line

Placeholders for workqueue.h and rwsem.h
------------------------------------------------------------------------
r294 | gentux2 | 2008-02-17 22:52:09 +0000 (Sun, 17 Feb 2008) | 1 line

Correct queue_delayed_work
------------------------------------------------------------------------
r293 | gentux2 | 2008-02-17 12:39:48 +0000 (Sun, 17 Feb 2008) | 1 line

Wat2map fixes from tickets #80 and #58
------------------------------------------------------------------------
r289 | gentux2 | 2008-02-15 22:51:28 +0000 (Fri, 15 Feb 2008) | 1 line

pci_set_dma_mask needs to be int not void
------------------------------------------------------------------------
r287 | gentux2 | 2008-02-13 22:02:45 +0000 (Wed, 13 Feb 2008) | 1 line

Debug output to COM port disabled by default - from Allan
------------------------------------------------------------------------
r286 | gentux2 | 2008-02-13 21:55:43 +0000 (Wed, 13 Feb 2008) | 1 line

Compile warning fix from Allan
------------------------------------------------------------------------
r283 | gentux2 | 2008-02-01 23:01:55 +0000 (Fri, 01 Feb 2008) | 1 line

Fix Ticket #37: SB Live
------------------------------------------------------------------------
r280 | gentux2 | 2008-01-21 21:58:40 +0000 (Mon, 21 Jan 2008) | 1 line

Add missing symbol in linux/module.h for ReSync-1.0.1
------------------------------------------------------------------------
r276 | gentux2 | 2007-12-14 00:24:54 +0000 (Fri, 14 Dec 2007) | 1 line

Add gameport.h placeholder
------------------------------------------------------------------------
r275 | gentux2 | 2007-12-02 23:12:50 +0000 (Sun, 02 Dec 2007) | 1 line

Fix Ticket #73, from Allan
------------------------------------------------------------------------
r272 | gentux2 | 2007-11-19 23:23:06 +0000 (Mon, 19 Nov 2007) | 1 line

Revert change that broke DEBUG linking
------------------------------------------------------------------------
r270 | gentux2 | 2007-11-19 00:29:06 +0000 (Mon, 19 Nov 2007) | 1 line

Fix bad use of preprocessor directives that broke compile - my mistake
------------------------------------------------------------------------
r269 | gentux2 | 2007-11-18 23:04:04 +0000 (Sun, 18 Nov 2007) | 1 line

Load of work from Pavel to improve HDA in Uniaud32
------------------------------------------------------------------------
r268 | gentux2 | 2007-11-09 19:35:56 +0000 (Fri, 09 Nov 2007) | 1 line

Make debug buffer larger, and fix alsahlp line endings, from Allan
------------------------------------------------------------------------
r267 | gentux2 | 2007-11-07 20:47:51 +0000 (Wed, 07 Nov 2007) | 1 line

Fix HDA buffering in Uniaud32, from Pavel
------------------------------------------------------------------------
r265 | gentux2 | 2007-11-04 10:52:45 +0000 (Sun, 04 Nov 2007) | 1 line

Add debug logging functions to Uniaud32 for receiving output from Uniaud16, from Pavel
------------------------------------------------------------------------
r257 | gentux2 | 2007-10-13 21:50:00 +0000 (Sat, 13 Oct 2007) | 1 line

Update mkversion to get ALSA level from alsa-kernel version.h, from Allan
------------------------------------------------------------------------
r249 | gentux2 | 2007-08-27 10:18:21 +0000 (Mon, 27 Aug 2007) | 1 line

Use pnp.h from ALSA 1.0.14 instead
------------------------------------------------------------------------
r248 | gentux2 | 2007-08-25 11:02:49 +0000 (Sat, 25 Aug 2007) | 1 line

Fix no IRQ after APM resume, from Pavel - Ticket #2
------------------------------------------------------------------------
r245 | gentux2 | 2007-08-21 20:26:22 +0000 (Tue, 21 Aug 2007) | 1 line

Add a start on linux/pnp.h, just enough to compile ReSync 0.9.3
------------------------------------------------------------------------
r239 | gentux2 | 2007-08-14 13:14:49 +0000 (Tue, 14 Aug 2007) | 1 line

Fix Configure.cmd to actually work, and repo cleanup
------------------------------------------------------------------------
r236 | gentux2 | 2007-08-07 23:04:19 +0000 (Tue, 07 Aug 2007) | 1 line

Correction to driver load output - my mistake
------------------------------------------------------------------------
r235 | gentux2 | 2007-08-07 22:31:43 +0000 (Tue, 07 Aug 2007) | 1 line

New mkversion thanks to Mike, with BLDLEVEL and driver load output fixes from Allan
------------------------------------------------------------------------
r229 | gentux2 | 2007-07-31 07:57:19 +0000 (Tue, 31 Jul 2007) | 1 line

Fix of Trac Ticket #21 - slow sound on AC97 Intel while on battery
------------------------------------------------------------------------
r228 | gentux2 | 2007-07-29 20:30:03 +0000 (Sun, 29 Jul 2007) | 1 line

Removed missing include dir in makefile, thanks to Mike
------------------------------------------------------------------------
r226 | gentux2 | 2007-07-26 19:56:31 +0000 (Thu, 26 Jul 2007) | 1 line

Fix bad lib path when using wlink
------------------------------------------------------------------------
r211 | gentux2 | 2007-07-13 20:00:41 +0000 (Fri, 13 Jul 2007) | 1 line

Debug improvements and misc cleanup
------------------------------------------------------------------------
r209 | gentux2 | 2007-06-25 20:32:43 +0000 (Mon, 25 Jun 2007) | 1 line

Another warning fix
------------------------------------------------------------------------
r135 | stevenhl | 2007-06-13 00:06:25 +0000 (Wed, 13 Jun 2007) | 1 line

Get rid of spurious warnings
------------------------------------------------------------------------
r133 | stevenhl | 2007-06-12 16:03:45 +0000 (Tue, 12 Jun 2007) | 3 lines

Get rid of some warnings
Add fixme notes

------------------------------------------------------------------------
r131 | stevenhl | 2007-06-12 14:38:21 +0000 (Tue, 12 Jun 2007) | 2 lines

Add missing parens to dprintf macro calls

------------------------------------------------------------------------
r130 | stevenhl | 2007-06-12 14:32:16 +0000 (Tue, 12 Jun 2007) | 1 line

Make a bunch of warnings go away
------------------------------------------------------------------------
r129 | gentux2 | 2007-06-11 23:52:29 +0000 (Mon, 11 Jun 2007) | 1 line

Rolled back file_operations struct update because it caused a Trap E.
------------------------------------------------------------------------
r128 | gentux2 | 2007-06-11 22:22:43 +0000 (Mon, 11 Jun 2007) | 1 line

Create stub for signal_pending
------------------------------------------------------------------------
r127 | gentux2 | 2007-06-10 22:33:45 +0000 (Sun, 10 Jun 2007) | 1 line

Various simple compile warning fixes.
------------------------------------------------------------------------
r126 | gentux2 | 2007-06-10 17:33:35 +0000 (Sun, 10 Jun 2007) | 1 line

Update file_operations struct for compatibility with newer Linux, fix TARGET_OS2 code to work with it.
------------------------------------------------------------------------
r125 | gentux2 | 2007-06-10 01:14:08 +0000 (Sun, 10 Jun 2007) | 1 line

Added some tasklet code to correct type mismatches with task queues
------------------------------------------------------------------------
r124 | gentux2 | 2007-06-09 21:36:39 +0000 (Sat, 09 Jun 2007) | 1 line

Fixed some more compile warnings.
------------------------------------------------------------------------
r123 | gentux2 | 2007-06-09 15:23:46 +0000 (Sat, 09 Jun 2007) | 1 line

Fixes for previous change. Misc warning fixes.
------------------------------------------------------------------------
r122 | gentux2 | 2007-06-09 13:26:40 +0000 (Sat, 09 Jun 2007) | 1 line

Use OpenWatcom strtoul, removing hacked EMX version and mismatched prototype.
------------------------------------------------------------------------
r121 | gentux2 | 2007-06-09 12:30:52 +0000 (Sat, 09 Jun 2007) | 1 line

Change ctype functions from hacked EMX to OpenWatcom runtime.
------------------------------------------------------------------------
r120 | gentux2 | 2007-06-04 22:16:33 +0000 (Mon, 04 Jun 2007) | 1 line

Set loff_t to long long from unsigned long
------------------------------------------------------------------------
r119 | gentux2 | 2007-06-03 22:32:06 +0000 (Sun, 03 Jun 2007) | 1 line

Reversed bad fix of info.c
------------------------------------------------------------------------
r118 | gentux2 | 2007-06-03 18:50:19 +0000 (Sun, 03 Jun 2007) | 1 line

Muted some compile warnings, moved atomic_dec_and_test from compat_22.h to atomic.h
------------------------------------------------------------------------
r111 | gentux2 | 2007-05-23 21:37:10 +0000 (Wed, 23 May 2007) | 1 line

Paul's improvements to Makefiles and hda support
------------------------------------------------------------------------
r88 | vladest | 2007-01-25 11:00:54 +0000 (Thu, 25 Jan 2007) | 4 lines

Added AD HDA updates
Fix TRAP in Intel chips


------------------------------------------------------------------------
r87 | vladest | 2007-01-23 14:49:43 +0000 (Tue, 23 Jan 2007) | 2 lines

Latest HDA patches from ALSA

------------------------------------------------------------------------
r86 | vladest | 2007-01-23 14:34:32 +0000 (Tue, 23 Jan 2007) | 5 lines

Added missed files
Applied latest modifications of ALSA
Reworked sharing strategy between MMOS2 and UNIAUD API


------------------------------------------------------------------------
r85 | vladest | 2006-10-24 11:25:27 +0000 (Tue, 24 Oct 2006) | 2 lines

Added VIA 8251 support

------------------------------------------------------------------------
r84 | vladest | 2006-10-23 14:07:11 +0000 (Mon, 23 Oct 2006) | 5 lines

SB code update
HDA code update
Some other updates


------------------------------------------------------------------------
r83 | vladest | 2006-09-25 14:09:35 +0000 (Mon, 25 Sep 2006) | 3 lines

Yamaha updates


------------------------------------------------------------------------
r82 | vladest | 2006-09-13 13:19:27 +0000 (Wed, 13 Sep 2006) | 2 lines

Stream reusing fix

------------------------------------------------------------------------
r81 | vladest | 2006-08-29 12:27:28 +0000 (Tue, 29 Aug 2006) | 2 lines

SVN update

------------------------------------------------------------------------
r80 | vladest | 2006-08-29 12:24:39 +0000 (Tue, 29 Aug 2006) | 3 lines

SVN update


------------------------------------------------------------------------
r79 | vladest | 2006-08-14 13:08:27 +0000 (Mon, 14 Aug 2006) | 3 lines

ATI fix comitted


------------------------------------------------------------------------
r78 | vladest | 2006-07-23 02:56:28 +0000 (Sun, 23 Jul 2006) | 3 lines

Added new source file


------------------------------------------------------------------------
r77 | vladest | 2006-07-23 02:54:27 +0000 (Sun, 23 Jul 2006) | 3 lines

Provide sources to latest exist binary. See changelog for changes


------------------------------------------------------------------------
r76 | vladest | 2006-04-09 03:09:39 +0000 (Sun, 09 Apr 2006) | 7 lines

Latest ALSA patches
HDA patches
Patch for Intel from Rudy's
Fixes locks on NM256 chipsets
Fixes PM on Maestro3 chipsets


------------------------------------------------------------------------
r75 | vladest | 2006-01-14 17:06:54 +0000 (Sat, 14 Jan 2006) | 2 lines

Fixed detecting multiply number of cards

------------------------------------------------------------------------
r74 | vladest | 2006-01-14 16:06:13 +0000 (Sat, 14 Jan 2006) | 2 lines

Compiler issue fixed

------------------------------------------------------------------------
r73 | vladest | 2006-01-14 15:32:17 +0000 (Sat, 14 Jan 2006) | 3 lines

Fixed compile issues
Fixed SB128 driver

------------------------------------------------------------------------
r72 | vladest | 2006-01-14 11:08:01 +0000 (Sat, 14 Jan 2006) | 2 lines

AC97 codec code update

------------------------------------------------------------------------
r71 | vladest | 2006-01-14 11:00:01 +0000 (Sat, 14 Jan 2006) | 2 lines

Includes update

------------------------------------------------------------------------
r70 | vladest | 2006-01-14 10:38:48 +0000 (Sat, 14 Jan 2006) | 3 lines

Ensonic/Maestro3/VIA/ATI power management fixes
Intel ICH SI7012 fixes

------------------------------------------------------------------------
r69 | vladest | 2006-01-14 10:36:36 +0000 (Sat, 14 Jan 2006) | 2 lines

HDA host and appropriate codecs support update. Not testsd!!!

------------------------------------------------------------------------
r68 | vladest | 2006-01-14 10:11:46 +0000 (Sat, 14 Jan 2006) | 2 lines

Enable arithmetic on void variables

------------------------------------------------------------------------
r67 | vladest | 2006-01-09 08:22:51 +0000 (Mon, 09 Jan 2006) | 1 line

Deleted trunk/drv32/rm.hpp
------------------------------------------------------------------------
r66 | vladest | 2006-01-09 08:22:41 +0000 (Mon, 09 Jan 2006) | 1 line

Deleted trunk/drv32/rm.cpp
------------------------------------------------------------------------
r65 | vladest | 2006-01-09 08:21:02 +0000 (Mon, 09 Jan 2006) | 2 lines

Added rmhelp file, replace of rm.cpp/hpp

------------------------------------------------------------------------
r64 | vladest | 2006-01-03 15:38:26 +0000 (Tue, 03 Jan 2006) | 2 lines

Some additional notes and suspend/resume fixes

------------------------------------------------------------------------
r63 | vladest | 2006-01-03 15:33:10 +0000 (Tue, 03 Jan 2006) | 6 lines

 (Patches by Ruediger Ihle)
 Support for IRQs > 15
 Fixed resource manager registration
 Fixed crash on APM suspend/resume and system shutdown


------------------------------------------------------------------------
r62 | vladest | 2005-12-28 14:50:03 +0000 (Wed, 28 Dec 2005) | 2 lines

Fixed broken BLDLEVEL info

------------------------------------------------------------------------
r61 | vladest | 2005-12-28 13:46:55 +0000 (Wed, 28 Dec 2005) | 2 lines

Looks like compiles at last

------------------------------------------------------------------------
r60 | vladest | 2005-12-16 16:04:24 +0000 (Fri, 16 Dec 2005) | 1 line

Deleted trunk/alsa-kernel/core/diff.cmd
------------------------------------------------------------------------
r59 | vladest | 2005-12-16 11:52:31 +0000 (Fri, 16 Dec 2005) | 2 lines

Update for UINT_MAX

------------------------------------------------------------------------
r58 | vladest | 2005-12-16 11:40:59 +0000 (Fri, 16 Dec 2005) | 1 line

Deleted trunk/alsa-kernel/core/control.c.work
------------------------------------------------------------------------
r57 | vladest | 2005-12-16 11:40:42 +0000 (Fri, 16 Dec 2005) | 1 line

Deleted trunk/alsa-kernel/core/control.c.old
------------------------------------------------------------------------
r56 | vladest | 2005-12-16 11:39:37 +0000 (Fri, 16 Dec 2005) | 1 line

Deleted trunk/alsa-kernel/include/sound/ainstr_fm.old
------------------------------------------------------------------------
r55 | vladest | 2005-12-16 11:39:11 +0000 (Fri, 16 Dec 2005) | 1 line

Deleted trunk/alsa-kernel/include/sound/asequencer.old
------------------------------------------------------------------------
r54 | vladest | 2005-12-16 11:37:51 +0000 (Fri, 16 Dec 2005) | 1 line

Deleted trunk/alsa-kernel/include/sound/ak4531_codec.old
------------------------------------------------------------------------
r53 | vladest | 2005-12-16 11:37:01 +0000 (Fri, 16 Dec 2005) | 1 line

Deleted trunk/alsa-kernel/include/sound/asound.old
------------------------------------------------------------------------
r52 | vladest | 2005-12-16 11:25:17 +0000 (Fri, 16 Dec 2005) | 1 line

Deleted trunk/alsa-kernel/include/sound/info.old
------------------------------------------------------------------------
r51 | vladest | 2005-12-16 11:23:31 +0000 (Fri, 16 Dec 2005) | 1 line

Deleted trunk/alsa-kernel/include/sound/hwdep.old
------------------------------------------------------------------------
r50 | vladest | 2005-12-16 11:18:53 +0000 (Fri, 16 Dec 2005) | 1 line

Deleted trunk/alsa-kernel/include/sound/mpu401.old
------------------------------------------------------------------------
r49 | vladest | 2005-12-16 11:18:02 +0000 (Fri, 16 Dec 2005) | 1 line

Deleted trunk/alsa-kernel/include/sound/sb.ho
------------------------------------------------------------------------
r48 | vladest | 2005-12-16 11:16:45 +0000 (Fri, 16 Dec 2005) | 1 line

Deleted trunk/alsa-kernel/include/sound/timer.old
------------------------------------------------------------------------
r47 | vladest | 2005-12-16 11:15:22 +0000 (Fri, 16 Dec 2005) | 1 line

Deleted trunk/alsa-kernel/include/sound/seq_midi_emul.old
------------------------------------------------------------------------
r46 | vladest | 2005-12-16 11:14:35 +0000 (Fri, 16 Dec 2005) | 1 line

Deleted trunk/alsa-kernel/include/sound/seq_kernel.old
------------------------------------------------------------------------
r45 | vladest | 2005-12-16 11:05:17 +0000 (Fri, 16 Dec 2005) | 1 line

Deleted trunk/alsa-kernel/include/sound/seq_instr.old
------------------------------------------------------------------------
r44 | vladest | 2005-12-16 11:04:28 +0000 (Fri, 16 Dec 2005) | 1 line

Deleted trunk/alsa-kernel/include/sound/pcm.ho
------------------------------------------------------------------------
r43 | vladest | 2005-12-16 11:04:03 +0000 (Fri, 16 Dec 2005) | 1 line

Deleted trunk/alsa-kernel/include/sound/opl3.old
------------------------------------------------------------------------
r42 | vladest | 2005-12-16 11:03:23 +0000 (Fri, 16 Dec 2005) | 1 line

Deleted trunk/alsa-kernel/include/sound/seq_device.old
------------------------------------------------------------------------
r41 | vladest | 2005-12-16 11:02:56 +0000 (Fri, 16 Dec 2005) | 1 line

Deleted trunk/alsa-kernel/include/sound/sb.old
------------------------------------------------------------------------
r40 | vladest | 2005-12-16 10:57:10 +0000 (Fri, 16 Dec 2005) | 1 line

Deleted trunk/alsa-kernel/include/sound/pcm.old
------------------------------------------------------------------------
r39 | vladest | 2005-12-16 10:56:38 +0000 (Fri, 16 Dec 2005) | 2 lines

Added missing header

------------------------------------------------------------------------
r38 | vladest | 2005-12-16 10:55:39 +0000 (Fri, 16 Dec 2005) | 1 line

Deleted trunk/alsa-kernel/include/sound/rawmidi.old
------------------------------------------------------------------------
r37 | vladest | 2005-12-15 16:25:44 +0000 (Thu, 15 Dec 2005) | 3 lines

Adding Configure tool
Adding readme

------------------------------------------------------------------------
r36 | vladest | 2005-12-15 16:18:54 +0000 (Thu, 15 Dec 2005) | 3 lines

Updated include files
Added readme and build tool

------------------------------------------------------------------------
r35 | vladest | 2005-12-13 13:08:20 +0000 (Tue, 13 Dec 2005) | 5 lines

Fixed UNIAUD API
Added PM support for Yamaha chipsets
Added PM support for Intel chipsets


------------------------------------------------------------------------
r34 | vladest | 2005-12-11 09:57:39 +0000 (Sun, 11 Dec 2005) | 1 line

Latest update from ALSA. some intial > 15 interrupts support
------------------------------------------------------------------------
r32 | vladest | 2005-12-07 13:09:16 +0000 (Wed, 07 Dec 2005) | 1 line

initial import
------------------------------------------------------------------------
r2 | vladest | 2005-12-07 12:24:35 +0000 (Wed, 07 Dec 2005) | 2 lines

TRUNK

------------------------------------------------------------------------
